[     786ms] [WARNING] Image with src "/TVY6064.jpg" has "fill" but is missing "sizes" prop. Please add it to improve page performance. Read more: https://nextjs.org/docs/api-reference/next/image#sizes @ http://localhost:3000/_next/static/chunks/node_modules_next_dist_f3530cac._.js:2297
[     790ms] [WARNING] Image with src "/TVY6078.jpg" has "fill" but is missing "sizes" prop. Please add it to improve page performance. Read more: https://nextjs.org/docs/api-reference/next/image#sizes @ http://localhost:3000/_next/static/chunks/node_modules_next_dist_f3530cac._.js:2297
[     795ms] [WARNING] Image with src "/TVY6085.jpg" has "fill" but is missing "sizes" prop. Please add it to improve page performance. Read more: https://nextjs.org/docs/api-reference/next/image#sizes @ http://localhost:3000/_next/static/chunks/node_modules_next_dist_f3530cac._.js:2297
[     807ms] [WARNING] Image with src "/TVY6086.jpg" has "fill" but is missing "sizes" prop. Please add it to improve page performance. Read more: https://nextjs.org/docs/api-reference/next/image#sizes @ http://localhost:3000/_next/static/chunks/node_modules_next_dist_f3530cac._.js:2297
[     808ms] [WARNING] Image with src "/TVY6096.jpg" has "fill" but is missing "sizes" prop. Please add it to improve page performance. Read more: https://nextjs.org/docs/api-reference/next/image#sizes @ http://localhost:3000/_next/static/chunks/node_modules_next_dist_f3530cac._.js:2297
[    9736ms] [WARNING] Image with src "/about/attachments (2)/IMG_4143.jpg" has "fill" but is missing "sizes" prop. Please add it to improve page performance. Read more: https://nextjs.org/docs/api-reference/next/image#sizes @ http://localhost:3000/_next/static/chunks/node_modules_next_dist_f3530cac._.js:2297
[  259058ms] [ERROR] React has detected a change in the order of Hooks called by %s. This will lead to bugs and errors if not fixed. For more information, read the Rules of Hooks: https://react.dev/link/rules-of-hooks

   Previous render            Next render
   ------------------------------------------------------
%s   ^^^^^^^^^^^^^^^^^^^^^^^^^^^^^^^^^^^^^^^^^^^^^^^^^^^^^^
 FeaturedPaintingParallax 1. useRef                     useRef
2. useState                   useState
3. useState                   useState
4. useState                   useState
5. useRef                     useRef
6. useContext                 useContext
7. useEffect                  useEffect
8. useRef                     useRef
9. useRef                     useRef
10. useContext                useContext
11. useLayoutEffect           useLayoutEffect
12. useRef                    useRef
13. useRef                    useRef
14. useContext                useContext
15. useLayoutEffect           useLayoutEffect
16. useRef                    useRef
17. useRef                    useRef
18. useContext                useContext
19. useLayoutEffect           useLayoutEffect
20. useRef                    useRef
21. useRef                    useRef
22. useContext                useContext
23. useLayoutEffect           useLayoutEffect
24. useRef                    useRef
25. useRef                    useRef
26. useContext                useContext
27. useLayoutEffect           useLayoutEffect
28. useRef                    useRef
29. useRef                    useRef
30. useContext                useContext
31. useLayoutEffect           useLayoutEffect
32. undefined                 useRef
 @ http://localhost:3000/_next/static/chunks/node_modules_next_dist_f3530cac._.js:3127
[  259077ms] Error: Rendered more hooks than during the previous render.
    at updateWorkInProgressHook (http://localhost:3000/_next/static/chunks/node_modules_next_dist_compiled_react-dom_1e674e59._.js:4765:23)
    at Object.useRef (http://localhost:3000/_next/static/chunks/node_modules_next_dist_compiled_react-dom_1e674e59._.js:15274:20)
    at exports.useRef (http://localhost:3000/_next/static/chunks/node_modules_next_dist_compiled_a0e4c7b4._.js:1751:36)
    at useConstant (http://localhost:3000/_next/static/chunks/node_modules_d421af6e._.js:12493:189)
    at useListTransform (http://localhost:3000/_next/static/chunks/node_modules_8168ea11._.js:696:214)
    at useTransform (http://localhost:3000/_next/static/chunks/node_modules_8168ea11._.js:689:74)
    at eval (http://localhost:3000/_next/static/chunks/components_c216b4fe._.js?id=%255Bproject%255D%252Fcomponents%252FFeaturedPaintingParallax.tsx+%255Bapp-client%255D+%2528ecmascript%2529:383:248)
    at Array.map (<anonymous>)
    at FeaturedPaintingParallax (http://localhost:3000/_next/static/chunks/components_c216b4fe._.js?id=%255Bproject%255D%252Fcomponents%252FFeaturedPaintingParallax.tsx+%255Bapp-client%255D+%2528ecmascript%2529:366:34)
    at Object.react_stack_bottom_frame (http://localhost:3000/_next/static/chunks/node_modules_next_dist_compiled_react-dom_1e674e59._.js:14826:24)
    at renderWithHooks (http://localhost:3000/_next/static/chunks/node_modules_next_dist_compiled_react-dom_1e674e59._.js:4651:24)
    at updateFunctionComponent (http://localhost:3000/_next/static/chunks/node_modules_next_dist_compiled_react-dom_1e674e59._.js:6112:21)
    at beginWork (http://localhost:3000/_next/static/chunks/node_modules_next_dist_compiled_react-dom_1e674e59._.js:6708:24)
    at runWithFiberInDEV (http://localhost:3000/_next/static/chunks/node_modules_next_dist_compiled_react-dom_1e674e59._.js:965:74)
    at performUnitOfWork (http://localhost:3000/_next/static/chunks/node_modules_next_dist_compiled_react-dom_1e674e59._.js:9562:97)
    at workLoopSync (http://localhost:3000/_next/static/chunks/node_modules_next_dist_compiled_react-dom_1e674e59._.js:9456:40)
    at renderRootSync (http://localhost:3000/_next/static/chunks/node_modules_next_dist_compiled_react-dom_1e674e59._.js:9440:13)
    at performWorkOnRoot (http://localhost:3000/_next/static/chunks/node_modules_next_dist_compiled_react-dom_1e674e59._.js:9105:47)
    at performSyncWorkOnRoot (http://localhost:3000/_next/static/chunks/node_modules_next_dist_compiled_react-dom_1e674e59._.js:10238:9)
    at flushSyncWorkAcrossRoots_impl (http://localhost:3000/_next/static/chunks/node_modules_next_dist_compiled_react-dom_1e674e59._.js:10154:316)
    at flushSyncWork$1 (http://localhost:3000/_next/static/chunks/node_modules_next_dist_compiled_react-dom_1e674e59._.js:9237:86)
    at Object.scheduleRefresh (http://localhost:3000/_next/static/chunks/node_modules_next_dist_compiled_react-dom_1e674e59._.js:299:13)
    at http://localhost:3000/_next/static/chunks/node_modules_next_dist_compiled_a0e4c7b4._.js:391:33
    at Set.forEach (<anonymous>)
    at Object.performReactRefresh (http://localhost:3000/_next/static/chunks/node_modules_next_dist_compiled_a0e4c7b4._.js:384:38)
    at applyUpdate (http://localhost:3000/_next/static/chunks/node_modules_next_dist_compiled_a0e4c7b4._.js:878:31)
    at http://localhost:3000/_next/static/chunks/node_modules_next_dist_compiled_a0e4c7b4._.js:886:13
