[     489ms] [WARNING] Image with src "/TVY6078.jpg" is using deprecated "onLoadingComplete" property. Please use the "onLoad" property instead. @ http://localhost:3000/_next/static/chunks/node_modules_next_dist_f3530cac._.js:2297
[     495ms] [WARNING] Image with src "/TVY6064.jpg" is using deprecated "onLoadingComplete" property. Please use the "onLoad" property instead. @ http://localhost:3000/_next/static/chunks/node_modules_next_dist_f3530cac._.js:2297
[     497ms] [WARNING] Image with src "/TVY6085.jpg" is using deprecated "onLoadingComplete" property. Please use the "onLoad" property instead. @ http://localhost:3000/_next/static/chunks/node_modules_next_dist_f3530cac._.js:2297
[     498ms] [WARNING] Image with src "/TVY6086.jpg" is using deprecated "onLoadingComplete" property. Please use the "onLoad" property instead. @ http://localhost:3000/_next/static/chunks/node_modules_next_dist_f3530cac._.js:2297
[     500ms] [WARNING] Image with src "/TVY6096.jpg" is using deprecated "onLoadingComplete" property. Please use the "onLoad" property instead. @ http://localhost:3000/_next/static/chunks/node_modules_next_dist_f3530cac._.js:2297
[     503ms] [WARNING] Image with src "/about/attachments (2)/IMG_4143.jpg" is using deprecated "onLoadingComplete" property. Please use the "onLoad" property instead. @ http://localhost:3000/_next/static/chunks/node_modules_next_dist_f3530cac._.js:2297
[     518ms] [ERROR] Failed to load resource: the server responded with a status of 404 (Not Found) @ http://localhost:3000/favicon.ico:0
[  299655ms] [WARNING] Image with src "/TVY6078.jpg" is using deprecated "onLoadingComplete" property. Please use the "onLoad" property instead. @ http://localhost:3000/_next/static/chunks/node_modules_next_dist_f3530cac._.js:2297
[  299659ms] [WARNING] Image with src "/TVY6064.jpg" is using deprecated "onLoadingComplete" property. Please use the "onLoad" property instead. @ http://localhost:3000/_next/static/chunks/node_modules_next_dist_f3530cac._.js:2297
[  299661ms] [WARNING] Image with src "/TVY6085.jpg" is using deprecated "onLoadingComplete" property. Please use the "onLoad" property instead. @ http://localhost:3000/_next/static/chunks/node_modules_next_dist_f3530cac._.js:2297
[  299662ms] [WARNING] Image with src "/TVY6086.jpg" is using deprecated "onLoadingComplete" property. Please use the "onLoad" property instead. @ http://localhost:3000/_next/static/chunks/node_modules_next_dist_f3530cac._.js:2297
[  299663ms] [WARNING] Image with src "/TVY6096.jpg" is using deprecated "onLoadingComplete" property. Please use the "onLoad" property instead. @ http://localhost:3000/_next/static/chunks/node_modules_next_dist_f3530cac._.js:2297
[  299666ms] [WARNING] Image with src "/about/attachments (2)/IMG_4143.jpg" is using deprecated "onLoadingComplete" property. Please use the "onLoad" property instead. @ http://localhost:3000/_next/static/chunks/node_modules_next_dist_f3530cac._.js:2297
[  418165ms] [WARNING] Image with src "/TVY6078.jpg" is using deprecated "onLoadingComplete" property. Please use the "onLoad" property instead. @ http://localhost:3000/_next/static/chunks/node_modules_next_dist_f3530cac._.js:2297
[  418174ms] [WARNING] Image with src "/TVY6064.jpg" is using deprecated "onLoadingComplete" property. Please use the "onLoad" property instead. @ http://localhost:3000/_next/static/chunks/node_modules_next_dist_f3530cac._.js:2297
[  418181ms] [WARNING] Image with src "/TVY6085.jpg" is using deprecated "onLoadingComplete" property. Please use the "onLoad" property instead. @ http://localhost:3000/_next/static/chunks/node_modules_next_dist_f3530cac._.js:2297
[  418183ms] [WARNING] Image with src "/TVY6086.jpg" is using deprecated "onLoadingComplete" property. Please use the "onLoad" property instead. @ http://localhost:3000/_next/static/chunks/node_modules_next_dist_f3530cac._.js:2297
[  418186ms] [WARNING] Image with src "/TVY6096.jpg" is using deprecated "onLoadingComplete" property. Please use the "onLoad" property instead. @ http://localhost:3000/_next/static/chunks/node_modules_next_dist_f3530cac._.js:2297
[  418193ms] [WARNING] Image with src "/about/attachments (2)/IMG_4143.jpg" is using deprecated "onLoadingComplete" property. Please use the "onLoad" property instead. @ http://localhost:3000/_next/static/chunks/node_modules_next_dist_f3530cac._.js:2297
[  418655ms] [WARNING] Image with src "/about/attachments (2)/IMG_4143.jpg" was detected as the Largest Contentful Paint (LCP). Please add the `loading="eager"` property if this image is above the fold.
Read more: https://nextjs.org/docs/app/api-reference/components/image#loading @ http://localhost:3000/_next/static/chunks/node_modules_next_dist_f3530cac._.js:2297
[  425846ms] [WARNING] Image with src "/TVY6078.jpg" is using deprecated "onLoadingComplete" property. Please use the "onLoad" property instead. @ http://localhost:3000/_next/static/chunks/node_modules_next_dist_f3530cac._.js:2297
[  425851ms] [WARNING] Image with src "/TVY6064.jpg" is using deprecated "onLoadingComplete" property. Please use the "onLoad" property instead. @ http://localhost:3000/_next/static/chunks/node_modules_next_dist_f3530cac._.js:2297
[  425853ms] [WARNING] Image with src "/TVY6085.jpg" is using deprecated "onLoadingComplete" property. Please use the "onLoad" property instead. @ http://localhost:3000/_next/static/chunks/node_modules_next_dist_f3530cac._.js:2297
[  425855ms] [WARNING] Image with src "/TVY6086.jpg" is using deprecated "onLoadingComplete" property. Please use the "onLoad" property instead. @ http://localhost:3000/_next/static/chunks/node_modules_next_dist_f3530cac._.js:2297
[  425858ms] [WARNING] Image with src "/TVY6096.jpg" is using deprecated "onLoadingComplete" property. Please use the "onLoad" property instead. @ http://localhost:3000/_next/static/chunks/node_modules_next_dist_f3530cac._.js:2297
[  425863ms] [WARNING] Image with src "/about/attachments (2)/IMG_4143.jpg" is using deprecated "onLoadingComplete" property. Please use the "onLoad" property instead. @ http://localhost:3000/_next/static/chunks/node_modules_next_dist_f3530cac._.js:2297
[  426306ms] [WARNING] Image with src "/about/attachments (2)/IMG_4143.jpg" was detected as the Largest Contentful Paint (LCP). Please add the `loading="eager"` property if this image is above the fold.
Read more: https://nextjs.org/docs/app/api-reference/components/image#loading @ http://localhost:3000/_next/static/chunks/node_modules_next_dist_f3530cac._.js:2297
[  429599ms] [WARNING] Image with src "/TVY6078.jpg" is using deprecated "onLoadingComplete" property. Please use the "onLoad" property instead. @ http://localhost:3000/_next/static/chunks/node_modules_next_dist_f3530cac._.js:2297
[  429607ms] [WARNING] Image with src "/TVY6064.jpg" is using deprecated "onLoadingComplete" property. Please use the "onLoad" property instead. @ http://localhost:3000/_next/static/chunks/node_modules_next_dist_f3530cac._.js:2297
[  429612ms] [WARNING] Image with src "/TVY6085.jpg" is using deprecated "onLoadingComplete" property. Please use the "onLoad" property instead. @ http://localhost:3000/_next/static/chunks/node_modules_next_dist_f3530cac._.js:2297
[  429616ms] [WARNING] Image with src "/TVY6086.jpg" is using deprecated "onLoadingComplete" property. Please use the "onLoad" property instead. @ http://localhost:3000/_next/static/chunks/node_modules_next_dist_f3530cac._.js:2297
[  429620ms] [WARNING] Image with src "/TVY6096.jpg" is using deprecated "onLoadingComplete" property. Please use the "onLoad" property instead. @ http://localhost:3000/_next/static/chunks/node_modules_next_dist_f3530cac._.js:2297
[  429626ms] [WARNING] Image with src "/about/attachments (2)/IMG_4143.jpg" is using deprecated "onLoadingComplete" property. Please use the "onLoad" property instead. @ http://localhost:3000/_next/static/chunks/node_modules_next_dist_f3530cac._.js:2297
[  589756ms] [WARNING] Image with src "/TVY6078.jpg" is using deprecated "onLoadingComplete" property. Please use the "onLoad" property instead. @ http://localhost:3000/_next/static/chunks/node_modules_next_dist_f3530cac._.js:2297
[  589761ms] [WARNING] Image with src "/TVY6064.jpg" is using deprecated "onLoadingComplete" property. Please use the "onLoad" property instead. @ http://localhost:3000/_next/static/chunks/node_modules_next_dist_f3530cac._.js:2297
[  589764ms] [WARNING] Image with src "/TVY6085.jpg" is using deprecated "onLoadingComplete" property. Please use the "onLoad" property instead. @ http://localhost:3000/_next/static/chunks/node_modules_next_dist_f3530cac._.js:2297
[  589767ms] [WARNING] Image with src "/TVY6086.jpg" is using deprecated "onLoadingComplete" property. Please use the "onLoad" property instead. @ http://localhost:3000/_next/static/chunks/node_modules_next_dist_f3530cac._.js:2297
[  589769ms] [WARNING] Image with src "/TVY6096.jpg" is using deprecated "onLoadingComplete" property. Please use the "onLoad" property instead. @ http://localhost:3000/_next/static/chunks/node_modules_next_dist_f3530cac._.js:2297
[  589774ms] [WARNING] Image with src "/about/attachments (2)/IMG_4143.jpg" is using deprecated "onLoadingComplete" property. Please use the "onLoad" property instead. @ http://localhost:3000/_next/static/chunks/node_modules_next_dist_f3530cac._.js:2297
[  877092ms] [WARNING] Image with src "/TVY6078.jpg" is using deprecated "onLoadingComplete" property. Please use the "onLoad" property instead. @ http://localhost:3000/_next/static/chunks/node_modules_next_dist_f3530cac._.js:2297
[  877105ms] [WARNING] Image with src "/TVY6064.jpg" is using deprecated "onLoadingComplete" property. Please use the "onLoad" property instead. @ http://localhost:3000/_next/static/chunks/node_modules_next_dist_f3530cac._.js:2297
[  877110ms] [WARNING] Image with src "/TVY6085.jpg" is using deprecated "onLoadingComplete" property. Please use the "onLoad" property instead. @ http://localhost:3000/_next/static/chunks/node_modules_next_dist_f3530cac._.js:2297
[  877112ms] [WARNING] Image with src "/TVY6086.jpg" is using deprecated "onLoadingComplete" property. Please use the "onLoad" property instead. @ http://localhost:3000/_next/static/chunks/node_modules_next_dist_f3530cac._.js:2297
[  877115ms] [WARNING] Image with src "/TVY6096.jpg" is using deprecated "onLoadingComplete" property. Please use the "onLoad" property instead. @ http://localhost:3000/_next/static/chunks/node_modules_next_dist_f3530cac._.js:2297
[  877121ms] [WARNING] Image with src "/about/attachments (2)/IMG_4143.jpg" is using deprecated "onLoadingComplete" property. Please use the "onLoad" property instead. @ http://localhost:3000/_next/static/chunks/node_modules_next_dist_f3530cac._.js:2297
[  888763ms] [WARNING] Image with src "/TVY6078.jpg" is using deprecated "onLoadingComplete" property. Please use the "onLoad" property instead. @ http://localhost:3000/_next/static/chunks/node_modules_next_dist_f3530cac._.js:2297
[  888771ms] [WARNING] Image with src "/TVY6064.jpg" is using deprecated "onLoadingComplete" property. Please use the "onLoad" property instead. @ http://localhost:3000/_next/static/chunks/node_modules_next_dist_f3530cac._.js:2297
[  888773ms] [WARNING] Image with src "/TVY6085.jpg" is using deprecated "onLoadingComplete" property. Please use the "onLoad" property instead. @ http://localhost:3000/_next/static/chunks/node_modules_next_dist_f3530cac._.js:2297
[  888777ms] [WARNING] Image with src "/TVY6086.jpg" is using deprecated "onLoadingComplete" property. Please use the "onLoad" property instead. @ http://localhost:3000/_next/static/chunks/node_modules_next_dist_f3530cac._.js:2297
[  888779ms] [WARNING] Image with src "/TVY6096.jpg" is using deprecated "onLoadingComplete" property. Please use the "onLoad" property instead. @ http://localhost:3000/_next/static/chunks/node_modules_next_dist_f3530cac._.js:2297
[  888784ms] [WARNING] Image with src "/about/attachments (2)/IMG_4143.jpg" is using deprecated "onLoadingComplete" property. Please use the "onLoad" property instead. @ http://localhost:3000/_next/static/chunks/node_modules_next_dist_f3530cac._.js:2297
[  905429ms] [WARNING] Image with src "/TVY6078.jpg" is using deprecated "onLoadingComplete" property. Please use the "onLoad" property instead. @ http://localhost:3000/_next/static/chunks/node_modules_next_dist_f3530cac._.js:2297
[  905436ms] [WARNING] Image with src "/TVY6064.jpg" is using deprecated "onLoadingComplete" property. Please use the "onLoad" property instead. @ http://localhost:3000/_next/static/chunks/node_modules_next_dist_f3530cac._.js:2297
[  905441ms] [WARNING] Image with src "/TVY6085.jpg" is using deprecated "onLoadingComplete" property. Please use the "onLoad" property instead. @ http://localhost:3000/_next/static/chunks/node_modules_next_dist_f3530cac._.js:2297
[  905443ms] [WARNING] Image with src "/TVY6086.jpg" is using deprecated "onLoadingComplete" property. Please use the "onLoad" property instead. @ http://localhost:3000/_next/static/chunks/node_modules_next_dist_f3530cac._.js:2297
[  905445ms] [WARNING] Image with src "/TVY6096.jpg" is using deprecated "onLoadingComplete" property. Please use the "onLoad" property instead. @ http://localhost:3000/_next/static/chunks/node_modules_next_dist_f3530cac._.js:2297
[  905451ms] [WARNING] Image with src "/about/attachments (2)/IMG_4143.jpg" is using deprecated "onLoadingComplete" property. Please use the "onLoad" property instead. @ http://localhost:3000/_next/static/chunks/node_modules_next_dist_f3530cac._.js:2297
[ 1343021ms] [WARNING] Image with src "/TVY6078.jpg" is using deprecated "onLoadingComplete" property. Please use the "onLoad" property instead. @ http://localhost:3000/_next/static/chunks/node_modules_next_dist_f3530cac._.js:2297
[ 1343030ms] [WARNING] Image with src "/TVY6064.jpg" is using deprecated "onLoadingComplete" property. Please use the "onLoad" property instead. @ http://localhost:3000/_next/static/chunks/node_modules_next_dist_f3530cac._.js:2297
[ 1343034ms] [WARNING] Image with src "/TVY6085.jpg" is using deprecated "onLoadingComplete" property. Please use the "onLoad" property instead. @ http://localhost:3000/_next/static/chunks/node_modules_next_dist_f3530cac._.js:2297
[ 1343041ms] [WARNING] Image with src "/TVY6086.jpg" is using deprecated "onLoadingComplete" property. Please use the "onLoad" property instead. @ http://localhost:3000/_next/static/chunks/node_modules_next_dist_f3530cac._.js:2297
[ 1343050ms] [WARNING] Image with src "/TVY6096.jpg" is using deprecated "onLoadingComplete" property. Please use the "onLoad" property instead. @ http://localhost:3000/_next/static/chunks/node_modules_next_dist_f3530cac._.js:2297
[ 1343063ms] [WARNING] Image with src "/about/attachments (2)/IMG_4143.jpg" is using deprecated "onLoadingComplete" property. Please use the "onLoad" property instead. @ http://localhost:3000/_next/static/chunks/node_modules_next_dist_f3530cac._.js:2297
[ 1343542ms] [WARNING] Image with src "/about/attachments (2)/IMG_4143.jpg" was detected as the Largest Contentful Paint (LCP). Please add the `loading="eager"` property if this image is above the fold.
Read more: https://nextjs.org/docs/app/api-reference/components/image#loading @ http://localhost:3000/_next/static/chunks/node_modules_next_dist_f3530cac._.js:2297
